Date: Saturday June 06 2015, 20:04:07 (GMT-5)
Input file: primes.txt
*** ERROR. Line: 9. Record: 1. PVS: FALSE vs. Input: TRUE
*** ERROR. Line: 24. Record: 7. PVS: TRUE vs. Input: FALSE
*** ERROR. Line: 26. Record: 8. PVS: FALSE vs. Input: TRUE
*** ERROR. Line: 38. Record: 14. PVS: TRUE vs. Input: FALSE
*** ERROR. Line: 40. Record: 15. PVS: FALSE vs. Input: TRUE
*** ERROR. Line: 52. Record: 21. PVS: TRUE vs. Input: FALSE
*** ERROR. Line: 54. Record: 22. PVS: FALSE vs. Input: TRUE
*** ERROR. Line: 66. Record: 28. PVS: TRUE vs. Input: FALSE
*** ERROR. Line: 68. Record: 29. PVS: FALSE vs. Input: TRUE
*** ERROR. Line: 80. Record: 35. PVS: TRUE vs. Input: FALSE
*** ERROR. Line: 82. Record: 36. PVS: FALSE vs. Input: TRUE
*** ERROR. Line: 94. Record: 42. PVS: TRUE vs. Input: FALSE
*** ERROR. Line: 96. Record: 43. PVS: FALSE vs. Input: TRUE
*** ERROR. Line: 108. Record: 49. PVS: TRUE vs. Input: FALSE
*** ERROR. Line: 110. Record: 50. PVS: FALSE vs. Input: TRUE
*** ERROR. Line: 122. Record: 56. PVS: TRUE vs. Input: FALSE
Real time: 0h:0m:0.202s. Run time: 0.190 sec
Lines: 122. Records: 56. Fails: 16
